<?xml version="1.0" encoding="UTF-8"?>
<testng-results ignored="0" total="1" passed="1" failed="0" skipped="0">
  <reporter-output>
  </reporter-output>
  <suite started-at="2019-01-18T13:54:00Z" name="Default suite" finished-at="2019-01-18T13:54:11Z" duration-ms="10798">
    <groups>
      <group name="test1">
        <method signature="browser.executSessionOne()[pri:0, instance:com.qa.commoncode.browser@7c9d8e2]" name="executSessionOne" class="com.qa.commoncode.browser"/>
      </group> <!-- test1 -->
    </groups>
    <test started-at="2019-01-18T13:54:00Z" name="Default test" finished-at="2019-01-18T13:54:11Z" duration-ms="10798">
      <class name="com.qa.commoncode.browser">
        <test-method signature="executSessionOne()[pri:0, instance:com.qa.commoncode.browser@7c9d8e2]" started-at="2019-01-18T13:54:00Z" name="executSessionOne" finished-at="2019-01-18T13:54:11Z" duration-ms="10781" status="PASS">
          <reporter-output>
          </reporter-output>
        </test-method> <!-- executSessionOne -->
      </class> <!-- com.qa.commoncode.browser -->
    </test> <!-- Default test -->
  </suite> <!-- Default suite -->
</testng-results>
